<?xml version="1.0" encoding="UTF-8"?>
<testng-results ignored="0" total="2" passed="2" failed="0" skipped="0">
  <reporter-output>
  </reporter-output>
  <suite started-at="2020-06-02T07:01:54Z" name="Suite" finished-at="2020-06-02T07:02:22Z" duration-ms="27801">
    <groups>
    </groups>
    <test started-at="2020-06-02T07:01:54Z" name="Test" finished-at="2020-06-02T07:02:22Z" duration-ms="27801">
      <class name="com.practice.AmzonmusicTest">
        <test-method signature="searchMusic(java.lang.String, java.lang.String)[pri:0, instance:com.practice.AmzonmusicTest@1849db1a]" started-at="2020-06-02T07:01:54Z" name="searchMusic" data-provider="getData" finished-at="2020-06-02T07:02:16Z" duration-ms="22268" status="PASS">
          <params>
            <param index="0">
              <value>
                <![CDATA[8699446624]]>
              </value>
            </param>
            <param index="1">
              <value>
                <![CDATA[Aug@2018]]>
              </value>
            </param>
          </params>
          <reporter-output>
          </reporter-output>
        </test-method> <!-- searchMusic -->
      </class> <!-- com.practice.AmzonmusicTest -->
      <class name="com.practice.SpiceJetBookTest">
        <test-method signature="spiceTest()[pri:0, instance:com.practice.SpiceJetBookTest@29a60c27]" started-at="2020-06-02T07:01:54Z" name="spiceTest" finished-at="2020-06-02T07:02:21Z" duration-ms="26696" status="PASS">
          <reporter-output>
          </reporter-output>
        </test-method> <!-- spiceTest -->
        <test-method is-config="true" signature="closeBrowser()[pri:0, instance:com.practice.SpiceJetBookTest@29a60c27]" started-at="2020-06-02T07:02:21Z" name="closeBrowser" finished-at="2020-06-02T07:02:22Z" duration-ms="514" status="PASS">
          <reporter-output>
          </reporter-output>
        </test-method> <!-- closeBrowser -->
      </class> <!-- com.practice.SpiceJetBookTest -->
    </test> <!-- Test -->
  </suite> <!-- Suite -->
</testng-results>
